<?xml version="1.0" encoding="UTF-8"?>
<testng-results total="2" passed="2" failed="0" skipped="0">
  <reporter-output>
  </reporter-output>
  <suite started-at="2022-09-02T10:46:17Z" name="Default suite" finished-at="2022-09-02T10:48:38Z" duration-ms="140635">
    <groups>
      <group name="Create New Order">
        <method signature="CreateNewOrderTS_3.TC_07()[pri:0, instance:CreateNewOrderTS_3@7133da86]" name="TC_07" class="CreateNewOrderTS_3"/>
        <method signature="CreateNewOrderTS_3.TC_09()[pri:0, instance:CreateNewOrderTS_3@7133da86]" name="TC_09" class="CreateNewOrderTS_3"/>
      </group> <!-- Create New Order -->
    </groups>
    <test started-at="2022-09-02T10:46:17Z" name="Default test" finished-at="2022-09-02T10:48:38Z" duration-ms="140635">
      <class name="CreateNewOrderTS_3">
        <test-method is-config="true" signature="setUp()[pri:0, instance:CreateNewOrderTS_3@7133da86]" started-at="2022-09-02T13:46:00Z" name="setUp" finished-at="2022-09-02T13:46:17Z" duration-ms="17396" status="PASS">
          <reporter-output>
          </reporter-output>
        </test-method> <!-- setUp -->
        <test-method is-config="true" signature="singIn()[pri:0, instance:CreateNewOrderTS_3@7133da86]" started-at="2022-09-02T13:46:17Z" name="singIn" finished-at="2022-09-02T13:46:46Z" duration-ms="29455" status="PASS">
          <reporter-output>
          </reporter-output>
        </test-method> <!-- singIn -->
        <test-method signature="TC_07()[pri:0, instance:CreateNewOrderTS_3@7133da86]" started-at="2022-09-02T13:46:46Z" name="TC_07" description="Verify if the user can add any items in carts successfully" finished-at="2022-09-02T13:47:36Z" duration-ms="49512" status="PASS">
          <reporter-output>
          </reporter-output>
        </test-method> <!-- TC_07 -->
        <test-method signature="TC_09()[pri:0, instance:CreateNewOrderTS_3@7133da86]" started-at="2022-09-02T13:47:36Z" name="TC_09" description="Verify if the user can add item in favorites list to buy it later" finished-at="2022-09-02T13:48:32Z" duration-ms="55583" status="PASS">
          <reporter-output>
          </reporter-output>
        </test-method> <!-- TC_09 -->
        <test-method is-config="true" signature="singOut()[pri:0, instance:CreateNewOrderTS_3@7133da86]" started-at="2022-09-02T13:48:32Z" name="singOut" finished-at="2022-09-02T13:48:38Z" duration-ms="6048" status="PASS">
          <reporter-output>
          </reporter-output>
        </test-method> <!-- singOut -->
        <test-method is-config="true" signature="closeBrowser()[pri:0, instance:CreateNewOrderTS_3@7133da86]" started-at="2022-09-02T13:48:38Z" name="closeBrowser" finished-at="2022-09-02T13:48:38Z" duration-ms="0" status="FAIL">
          <exception class="org.openqa.selenium.NoSuchSessionException">
            <message>
              <![CDATA[invalid session id
Build info: version: '4.3.0', revision: 'a4995e2c09*'
System info: host: 'iMacalkhasblmy', ip: '192.168.8.154', os.name: 'Mac OS X', os.arch: 'x86_64', os.version: '12.5.1', java.version: '17.0.1'
Driver info: org.openqa.selenium.chrome.ChromeDriver
Command: [5053a990444705cf379b13e177e29eb2, close {}]
Capabilities {acceptInsecureCerts: false, browserName: chrome, browserVersion: 105.0.5195.52, chrome: {chromedriverVersion: 105.0.5195.52 (412c95e51883..., userDataDir: /var/folders/vn/_kvpdrhx2w7...}, goog:chromeOptions: {debuggerAddress: localhost:52509}, networkConnectionEnabled: false, pageLoadStrategy: normal, platformName: MAC, proxy: Proxy(), se:cdp: ws://localhost:52509/devtoo..., se:cdpVersion: 105.0.5195.52, setWindowRect: true, strictFileInteractability: false, timeouts: {implicit: 0, pageLoad: 300000, script: 30000}, unhandledPromptBehavior: dismiss and notify, webauthn:extension:credBlob: true, webauthn:extension:largeBlob: true, webauthn:virtualAuthenticators: true}
Session ID: 5053a990444705cf379b13e177e29eb2]]>
            </message>
            <full-stacktrace>
              <![CDATA[org.openqa.selenium.NoSuchSessionException: invalid session id
Build info: version: '4.3.0', revision: 'a4995e2c09*'
System info: host: 'iMacalkhasblmy', ip: '192.168.8.154', os.name: 'Mac OS X', os.arch: 'x86_64', os.version: '12.5.1', java.version: '17.0.1'
Driver info: org.openqa.selenium.chrome.ChromeDriver
Command: [5053a990444705cf379b13e177e29eb2, close {}]
Capabilities {acceptInsecureCerts: false, browserName: chrome, browserVersion: 105.0.5195.52, chrome: {chromedriverVersion: 105.0.5195.52 (412c95e51883..., userDataDir: /var/folders/vn/_kvpdrhx2w7...}, goog:chromeOptions: {debuggerAddress: localhost:52509}, networkConnectionEnabled: false, pageLoadStrategy: normal, platformName: MAC, proxy: Proxy(), se:cdp: ws://localhost:52509/devtoo..., se:cdpVersion: 105.0.5195.52, setWindowRect: true, strictFileInteractability: false, timeouts: {implicit: 0, pageLoad: 300000, script: 30000}, unhandledPromptBehavior: dismiss and notify, webauthn:extension:credBlob: true, webauthn:extension:largeBlob: true, webauthn:virtualAuthenticators: true}
Session ID: 5053a990444705cf379b13e177e29eb2
	at java.base/jdk.internal.reflect.NativeConstructorAccessorImpl.newInstance0(Native Method)
	at java.base/jdk.internal.reflect.NativeConstructorAccessorImpl.newInstance(NativeConstructorAccessorImpl.java:77)
	at java.base/jdk.internal.reflect.DelegatingConstructorAccessorImpl.newInstance(DelegatingConstructorAccessorImpl.java:45)
	at java.base/java.lang.reflect.Constructor.newInstanceWithCaller(Constructor.java:499)
	at java.base/java.lang.reflect.Constructor.newInstance(Constructor.java:480)
	at org.openqa.selenium.remote.codec.w3c.W3CHttpResponseCodec.createException(W3CHttpResponseCodec.java:200)
	at org.openqa.selenium.remote.codec.w3c.W3CHttpResponseCodec.decode(W3CHttpResponseCodec.java:133)
	at org.openqa.selenium.remote.codec.w3c.W3CHttpResponseCodec.decode(W3CHttpResponseCodec.java:53)
	at org.openqa.selenium.remote.HttpCommandExecutor.execute(HttpCommandExecutor.java:184)
	at org.openqa.selenium.remote.service.DriverCommandExecutor.invokeExecute(DriverCommandExecutor.java:167)
	at org.openqa.selenium.remote.service.DriverCommandExecutor.execute(DriverCommandExecutor.java:142)
	at org.openqa.selenium.remote.RemoteWebDriver.execute(RemoteWebDriver.java:569)
	at org.openqa.selenium.remote.RemoteWebDriver.execute(RemoteWebDriver.java:624)
	at org.openqa.selenium.remote.RemoteWebDriver.execute(RemoteWebDriver.java:628)
	at org.openqa.selenium.remote.RemoteWebDriver.close(RemoteWebDriver.java:454)
	at CreateNewOrderTS_3.closeBrowser(CreateNewOrderTS_3.java:107)
	at java.base/jdk.internal.reflect.NativeMethodAccessorImpl.invoke0(Native Method)
	at java.base/jdk.internal.reflect.NativeMethodAccessorImpl.invoke(NativeMethodAccessorImpl.java:77)
	at java.base/jdk.internal.reflect.DelegatingMethodAccessorImpl.invoke(DelegatingMethodAccessorImpl.java:43)
	at java.base/java.lang.reflect.Method.invoke(Method.java:568)
	at org.testng.internal.MethodInvocationHelper.invokeMethod(MethodInvocationHelper.java:84)
	at org.testng.internal.Invoker.invokeConfigurationMethod(Invoker.java:564)
	at org.testng.internal.Invoker.invokeConfigurations(Invoker.java:213)
	at org.testng.internal.Invoker.invokeConfigurations(Invoker.java:138)
	at org.testng.SuiteRunner.privateRun(SuiteRunner.java:308)
	at org.testng.SuiteRunner.run(SuiteRunner.java:240)
	at org.testng.SuiteRunnerWorker.runSuite(SuiteRunnerWorker.java:52)
	at org.testng.SuiteRunnerWorker.run(SuiteRunnerWorker.java:86)
	at org.testng.TestNG.runSuitesSequentially(TestNG.java:1224)
	at org.testng.TestNG.runSuitesLocally(TestNG.java:1149)
	at org.testng.TestNG.run(TestNG.java:1057)
	at org.testng.remote.AbstractRemoteTestNG.run(AbstractRemoteTestNG.java:115)
	at org.testng.remote.RemoteTestNG.initAndRun(RemoteTestNG.java:251)
	at org.testng.remote.RemoteTestNG.main(RemoteTestNG.java:77)
]]>
            </full-stacktrace>
          </exception> <!-- org.openqa.selenium.NoSuchSessionException -->
          <reporter-output>
          </reporter-output>
        </test-method> <!-- closeBrowser -->
      </class> <!-- CreateNewOrderTS_3 -->
    </test> <!-- Default test -->
  </suite> <!-- Default suite -->
</testng-results>
